.\Debug\K2Sim_AR0140.ilk
.\Debug\K2Sim_AR0140.pdb
C:\Users\AustinHsien\Desktop\Dropbox\高度波動_2015_計劃書\工作\2014_7_1_CTA\02_SourceCode\CTAs\01_Branch_VGA\CTA_v0.0380\.\Debug\K2Sim_AR0140.dll
C:\Users\AustinHsien\Desktop\Dropbox\高度波動_2015_計劃書\工作\2014_7_1_CTA\02_SourceCode\CTAs\01_Branch_VGA\CTA_v0.0380\.\Debug\K2Sim_AR0140.dll.intermediate.manifest
C:\Users\AustinHsien\Desktop\Dropbox\高度波動_2015_計劃書\工作\2014_7_1_CTA\02_SourceCode\CTAs\01_Branch_VGA\CTA_v0.0380\Debug\cl.command.1.tlog
C:\Users\AustinHsien\Desktop\Dropbox\高度波動_2015_計劃書\工作\2014_7_1_CTA\02_SourceCode\CTAs\01_Branch_VGA\CTA_v0.0380\Debug\CL.read.1.tlog
C:\Users\AustinHsien\Desktop\Dropbox\高度波動_2015_計劃書\工作\2014_7_1_CTA\02_SourceCode\CTAs\01_Branch_VGA\CTA_v0.0380\Debug\CL.write.1.tlog
C:\USERS\AUSTINHSIEN\DESKTOP\DROPBOX\高度波動_2015_計劃書\工作\2014_7_1_CTA\02_SOURCECODE\CTAS\01_BRANCH_VGA\CTA_V0.0380\DEBUG\COORDINATECONVERSION.OBJ
C:\USERS\AUSTINHSIEN\DESKTOP\DROPBOX\高度波動_2015_計劃書\工作\2014_7_1_CTA\02_SOURCECODE\CTAS\01_BRANCH_VGA\CTA_V0.0380\DEBUG\CORNERDETECTOR.OBJ
C:\USERS\AUSTINHSIEN\DESKTOP\DROPBOX\高度波動_2015_計劃書\工作\2014_7_1_CTA\02_SOURCECODE\CTAS\01_BRANCH_VGA\CTA_V0.0380\DEBUG\CTA_PCLOG.OBJ
C:\USERS\AUSTINHSIEN\DESKTOP\DROPBOX\高度波動_2015_計劃書\工作\2014_7_1_CTA\02_SOURCECODE\CTAS\01_BRANCH_VGA\CTA_V0.0380\DEBUG\CTAAPI.OBJ
C:\USERS\AUSTINHSIEN\DESKTOP\DROPBOX\高度波動_2015_計劃書\工作\2014_7_1_CTA\02_SOURCECODE\CTAS\01_BRANCH_VGA\CTA_V0.0380\DEBUG\ESTIMATION.OBJ
C:\USERS\AUSTINHSIEN\DESKTOP\DROPBOX\高度波動_2015_計劃書\工作\2014_7_1_CTA\02_SOURCECODE\CTAS\01_BRANCH_VGA\CTA_V0.0380\DEBUG\FILESINFO.OBJ
C:\USERS\AUSTINHSIEN\DESKTOP\DROPBOX\高度波動_2015_計劃書\工作\2014_7_1_CTA\02_SOURCECODE\CTAS\01_BRANCH_VGA\CTA_V0.0380\DEBUG\FILTER2D.OBJ
C:\USERS\AUSTINHSIEN\DESKTOP\DROPBOX\高度波動_2015_計劃書\工作\2014_7_1_CTA\02_SOURCECODE\CTAS\01_BRANCH_VGA\CTA_V0.0380\DEBUG\K2SIM_AR0140.DLL
C:\USERS\AUSTINHSIEN\DESKTOP\DROPBOX\高度波動_2015_計劃書\工作\2014_7_1_CTA\02_SOURCECODE\CTAS\01_BRANCH_VGA\CTA_V0.0380\DEBUG\K2SIM_AR0140.DLL.EMBED.MANIFEST
C:\USERS\AUSTINHSIEN\DESKTOP\DROPBOX\高度波動_2015_計劃書\工作\2014_7_1_CTA\02_SOURCECODE\CTAS\01_BRANCH_VGA\CTA_V0.0380\DEBUG\K2SIM_AR0140.DLL.EMBED.MANIFEST.RES
C:\USERS\AUSTINHSIEN\DESKTOP\DROPBOX\高度波動_2015_計劃書\工作\2014_7_1_CTA\02_SOURCECODE\CTAS\01_BRANCH_VGA\CTA_V0.0380\DEBUG\K2SIM_AR0140.DLL.INTERMEDIATE.MANIFEST
C:\Users\AustinHsien\Desktop\Dropbox\高度波動_2015_計劃書\工作\2014_7_1_CTA\02_SourceCode\CTAs\01_Branch_VGA\CTA_v0.0380\Debug\K2Sim_AR0140.exp
C:\USERS\AUSTINHSIEN\DESKTOP\DROPBOX\高度波動_2015_計劃書\工作\2014_7_1_CTA\02_SOURCECODE\CTAS\01_BRANCH_VGA\CTA_V0.0380\DEBUG\K2SIM_AR0140.ILK
C:\Users\AustinHsien\Desktop\Dropbox\高度波動_2015_計劃書\工作\2014_7_1_CTA\02_SourceCode\CTAs\01_Branch_VGA\CTA_v0.0380\Debug\K2Sim_AR0140.lib
C:\USERS\AUSTINHSIEN\DESKTOP\DROPBOX\高度波動_2015_計劃書\工作\2014_7_1_CTA\02_SOURCECODE\CTAS\01_BRANCH_VGA\CTA_V0.0380\DEBUG\K2SIM_AR0140.PCH
C:\USERS\AUSTINHSIEN\DESKTOP\DROPBOX\高度波動_2015_計劃書\工作\2014_7_1_CTA\02_SOURCECODE\CTAS\01_BRANCH_VGA\CTA_V0.0380\DEBUG\K2SIM_AR0140.PDB
C:\Users\AustinHsien\Desktop\Dropbox\高度波動_2015_計劃書\工作\2014_7_1_CTA\02_SourceCode\CTAs\01_Branch_VGA\CTA_v0.0380\Debug\K2Sim_AR0140.write.1.tlog
C:\Users\AustinHsien\Desktop\Dropbox\高度波動_2015_計劃書\工作\2014_7_1_CTA\02_SourceCode\CTAs\01_Branch_VGA\CTA_v0.0380\Debug\K2Sim_AR0140_manifest.rc
C:\Users\AustinHsien\Desktop\Dropbox\高度波動_2015_計劃書\工作\2014_7_1_CTA\02_SourceCode\CTAs\01_Branch_VGA\CTA_v0.0380\Debug\link.12684.read.1.tlog
C:\Users\AustinHsien\Desktop\Dropbox\高度波動_2015_計劃書\工作\2014_7_1_CTA\02_SourceCode\CTAs\01_Branch_VGA\CTA_v0.0380\Debug\link.12684.write.1.tlog
C:\Users\AustinHsien\Desktop\Dropbox\高度波動_2015_計劃書\工作\2014_7_1_CTA\02_SourceCode\CTAs\01_Branch_VGA\CTA_v0.0380\Debug\link.12684-cvtres.read.1.tlog
C:\Users\AustinHsien\Desktop\Dropbox\高度波動_2015_計劃書\工作\2014_7_1_CTA\02_SourceCode\CTAs\01_Branch_VGA\CTA_v0.0380\Debug\link.12684-cvtres.write.1.tlog
C:\Users\AustinHsien\Desktop\Dropbox\高度波動_2015_計劃書\工作\2014_7_1_CTA\02_SourceCode\CTAs\01_Branch_VGA\CTA_v0.0380\Debug\link.command.1.tlog
C:\Users\AustinHsien\Desktop\Dropbox\高度波動_2015_計劃書\工作\2014_7_1_CTA\02_SourceCode\CTAs\01_Branch_VGA\CTA_v0.0380\Debug\link.read.1.tlog
C:\Users\AustinHsien\Desktop\Dropbox\高度波動_2015_計劃書\工作\2014_7_1_CTA\02_SourceCode\CTAs\01_Branch_VGA\CTA_v0.0380\Debug\link.write.1.tlog
C:\Users\AustinHsien\Desktop\Dropbox\高度波動_2015_計劃書\工作\2014_7_1_CTA\02_SourceCode\CTAs\01_Branch_VGA\CTA_v0.0380\Debug\link-cvtres.read.1.tlog
C:\Users\AustinHsien\Desktop\Dropbox\高度波動_2015_計劃書\工作\2014_7_1_CTA\02_SourceCode\CTAs\01_Branch_VGA\CTA_v0.0380\Debug\link-cvtres.write.1.tlog
C:\USERS\AUSTINHSIEN\DESKTOP\DROPBOX\高度波動_2015_計劃書\工作\2014_7_1_CTA\02_SOURCECODE\CTAS\01_BRANCH_VGA\CTA_V0.0380\DEBUG\ML_ADABOOST.OBJ
C:\USERS\AUSTINHSIEN\DESKTOP\DROPBOX\高度波動_2015_計劃書\工作\2014_7_1_CTA\02_SOURCECODE\CTAS\01_BRANCH_VGA\CTA_V0.0380\DEBUG\ML_IMGFEATURESDESCRIPTORS.OBJ
C:\USERS\AUSTINHSIEN\DESKTOP\DROPBOX\高度波動_2015_計劃書\工作\2014_7_1_CTA\02_SOURCECODE\CTAS\01_BRANCH_VGA\CTA_V0.0380\DEBUG\ML_NEURALNET.OBJ
C:\Users\AustinHsien\Desktop\Dropbox\高度波動_2015_計劃書\工作\2014_7_1_CTA\02_SourceCode\CTAs\01_Branch_VGA\CTA_v0.0380\Debug\mt.command.1.tlog
C:\Users\AustinHsien\Desktop\Dropbox\高度波動_2015_計劃書\工作\2014_7_1_CTA\02_SourceCode\CTAs\01_Branch_VGA\CTA_v0.0380\Debug\mt.read.1.tlog
C:\Users\AustinHsien\Desktop\Dropbox\高度波動_2015_計劃書\工作\2014_7_1_CTA\02_SourceCode\CTAs\01_Branch_VGA\CTA_v0.0380\Debug\mt.write.1.tlog
C:\USERS\AUSTINHSIEN\DESKTOP\DROPBOX\高度波動_2015_計劃書\工作\2014_7_1_CTA\02_SOURCECODE\CTAS\01_BRANCH_VGA\CTA_V0.0380\DEBUG\OPENCVPLUG.OBJ
C:\USERS\AUSTINHSIEN\DESKTOP\DROPBOX\高度波動_2015_計劃書\工作\2014_7_1_CTA\02_SOURCECODE\CTAS\01_BRANCH_VGA\CTA_V0.0380\DEBUG\OTOCAMDLL_INTERFACE.OBJ
C:\USERS\AUSTINHSIEN\DESKTOP\DROPBOX\高度波動_2015_計劃書\工作\2014_7_1_CTA\02_SOURCECODE\CTAS\01_BRANCH_VGA\CTA_V0.0380\DEBUG\PATCHES.OBJ
C:\USERS\AUSTINHSIEN\DESKTOP\DROPBOX\高度波動_2015_計劃書\工作\2014_7_1_CTA\02_SOURCECODE\CTAS\01_BRANCH_VGA\CTA_V0.0380\DEBUG\POINT_GROUP.OBJ
C:\USERS\AUSTINHSIEN\DESKTOP\DROPBOX\高度波動_2015_計劃書\工作\2014_7_1_CTA\02_SOURCECODE\CTAS\01_BRANCH_VGA\CTA_V0.0380\DEBUG\POINT_TRACK.OBJ
C:\Users\AustinHsien\Desktop\Dropbox\高度波動_2015_計劃書\工作\2014_7_1_CTA\02_SourceCode\CTAs\01_Branch_VGA\CTA_v0.0380\Debug\rc.command.1.tlog
C:\Users\AustinHsien\Desktop\Dropbox\高度波動_2015_計劃書\工作\2014_7_1_CTA\02_SourceCode\CTAs\01_Branch_VGA\CTA_v0.0380\Debug\rc.read.1.tlog
C:\Users\AustinHsien\Desktop\Dropbox\高度波動_2015_計劃書\工作\2014_7_1_CTA\02_SourceCode\CTAs\01_Branch_VGA\CTA_v0.0380\Debug\rc.write.1.tlog
C:\USERS\AUSTINHSIEN\DESKTOP\DROPBOX\高度波動_2015_計劃書\工作\2014_7_1_CTA\02_SOURCECODE\CTAS\01_BRANCH_VGA\CTA_V0.0380\DEBUG\STDAFX.OBJ
C:\USERS\AUSTINHSIEN\DESKTOP\DROPBOX\高度波動_2015_計劃書\工作\2014_7_1_CTA\02_SOURCECODE\CTAS\01_BRANCH_VGA\CTA_V0.0380\DEBUG\TINYSTR.OBJ
C:\USERS\AUSTINHSIEN\DESKTOP\DROPBOX\高度波動_2015_計劃書\工作\2014_7_1_CTA\02_SOURCECODE\CTAS\01_BRANCH_VGA\CTA_V0.0380\DEBUG\TINYXML.OBJ
C:\USERS\AUSTINHSIEN\DESKTOP\DROPBOX\高度波動_2015_計劃書\工作\2014_7_1_CTA\02_SOURCECODE\CTAS\01_BRANCH_VGA\CTA_V0.0380\DEBUG\TINYXMLERROR.OBJ
C:\USERS\AUSTINHSIEN\DESKTOP\DROPBOX\高度波動_2015_計劃書\工作\2014_7_1_CTA\02_SOURCECODE\CTAS\01_BRANCH_VGA\CTA_V0.0380\DEBUG\TINYXMLPARSER.OBJ
C:\Users\AustinHsien\Desktop\Dropbox\高度波動_2015_計劃書\工作\2014_7_1_CTA\02_SourceCode\CTAs\01_Branch_VGA\CTA_v0.0380\Debug\vc100.idb
C:\USERS\AUSTINHSIEN\DESKTOP\DROPBOX\高度波動_2015_計劃書\工作\2014_7_1_CTA\02_SOURCECODE\CTAS\01_BRANCH_VGA\CTA_V0.0380\DEBUG\VC100.PDB
C:\USERS\AUSTINHSIEN\DESKTOP\DROPBOX\高度波動_2015_計劃書\工作\2014_7_1_CTA\02_SOURCECODE\CTAS\01_BRANCH_VGA\CTA_V0.0380\DEBUG\VIDEOHDINFO.OBJ
C:\USERS\AUSTINHSIEN\DESKTOP\DROPBOX\高度波動_2015_計劃書\工作\2014_7_1_CTA\02_SOURCECODE\CTAS\01_BRANCH_VGA\CTA_V0.0380\DEBUG\WARNINGDECISION.OBJ
C:\USERS\AUSTINHSIEN\DESKTOP\DROPBOX\高度波動_2015_計劃書\工作\2014_7_1_CTA\02_SOURCECODE\CTAS\01_BRANCH_VGA\CTA_V0.0380\DEBUG\WHITEBOX.OBJ
